2025-01-15 10:23:45 - Starting deployment
2025-01-15 10:23:46 - Pulling latest code from main
2025-01-15 10:23:48 - Code updated: commit abc123def
2025-01-15 10:23:50 - Installing dependencies
2025-01-15 10:24:12 - Dependencies installed (22s)
2025-01-15 10:24:13 - Building application
2025-01-15 10:25:45 - Build completed successfully (92s)
2025-01-15 10:25:46 - Reloading PM2 process
2025-01-15 10:25:47 - PM2 reloaded: voyage (2 instances)
2025-01-15 10:25:48 - Health check: http://localhost:3000/api/health
2025-01-15 10:25:48 - Health check passed: {"status":"ok","timestamp":"2025-01-15T10:25:48.123Z","uptime":1.5}
2025-01-15 10:25:49 - Deployment completed successfully

2025-01-18 14:32:10 - Starting deployment
2025-01-18 14:32:11 - Pulling latest code from main
2025-01-18 14:32:13 - Code updated: commit def456ghi
2025-01-18 14:32:15 - Installing dependencies
2025-01-18 14:32:38 - Dependencies installed (23s)
2025-01-18 14:32:39 - Building application
2025-01-18 14:34:12 - Build completed successfully (93s)
2025-01-18 14:34:13 - Reloading PM2 process
2025-01-18 14:34:14 - PM2 reloaded: voyage (2 instances)
2025-01-18 14:34:15 - Health check: http://localhost:3000/api/health
2025-01-18 14:34:15 - Health check passed: {"status":"ok","timestamp":"2025-01-18T14:34:15.456Z","uptime":1.2}
2025-01-18 14:34:16 - Deployment completed successfully

2025-01-22 09:15:30 - Starting deployment
2025-01-22 09:15:31 - Pulling latest code from main
2025-01-22 09:15:33 - Code updated: commit ghi789jkl
2025-01-22 09:15:35 - Installing dependencies
2025-01-22 09:15:58 - Dependencies installed (23s)
2025-01-22 09:15:59 - Building application
2025-01-22 09:17:31 - Build completed successfully (92s)
2025-01-22 09:17:32 - Reloading PM2 process
2025-01-22 09:17:33 - PM2 reloaded: voyage (2 instances)
2025-01-22 09:17:34 - Health check: http://localhost:3000/api/health
2025-01-22 09:17:34 - Health check passed: {"status":"ok","timestamp":"2025-01-22T09:17:34.789Z","uptime":1.1}
2025-01-22 09:17:35 - Deployment completed successfully

